{"level": "debug", "msg": "update_data", "asctime": "2024-03-21 06:51:13.446"}
{"level": "debug", "msg": "set_data", "asctime": "2024-03-21 06:51:23.446"}
{"level": "error", "msg": "set_data", "asctime": "2024-03-21 06:51:33.446"}
{"level": "error", "msg": "update_data", "asctime": "2024-03-21 06:51:48.380"}
{"level": "info", "msg": "get_data", "asctime": "2024-03-21 06:51:53.380"}
{"level": "debug", "msg": "get_data", "asctime": "2024-03-21 06:51:58.381"}
{"level": "debug", "msg": "get_data", "asctime": "2024-03-21 06:52:03.381"}
{"level": "info", "msg": "update_data", "asctime": "2024-03-21 06:52:08.381"}
{"level": "debug", "msg": "get_data", "asctime": "2024-03-21 06:52:13.381"}
{"level": "debug", "msg": "get_data", "asctime": "2024-03-21 07:06:41.906"}
{"level": "info", "msg": "update_data", "asctime": "2024-03-21 07:06:46.906"}
{"level": "warning", "msg": "set_data", "asctime": "2024-03-21 07:06:51.906"}
{"level": "error", "msg": "get_data", "asctime": "2024-03-21 07:06:56.906"}
{"level": "warning", "msg": "update_data", "asctime": "2024-03-21 07:07:01.906"}
{"level": "warning", "msg": "set_data", "asctime": "2024-03-21 07:07:06.907"}
{"level": "error", "msg": "update_data", "asctime": "2024-03-21 07:07:11.907"}
{"level": "warning", "msg": "get_data", "asctime": "2024-03-21 07:07:16.907"}
{"level": "debug", "msg": "update_data", "asctime": "2024-03-21 07:07:21.907"}
{"level": "error", "msg": "update_data", "asctime": "2024-03-21 07:07:26.907"}
{"level": "debug", "msg": "get_data", "asctime": "2024-03-21 07:07:31.908"}
{"level": "warning", "msg": "update_data", "asctime": "2024-03-21 07:07:36.908"}
{"level": "warning", "msg": "update_data", "asctime": "2024-03-21 07:07:41.908"}
{"level": "error", "msg": "set_data", "asctime": "2024-03-21 07:07:46.908"}
{"level": "error", "msg": "get_data", "asctime": "2024-03-21 07:07:51.908"}
{"level": "debug", "msg": "get_data", "asctime": "2024-03-21 07:07:56.908"}
{"level": "info", "msg": "get_data", "asctime": "2024-03-21 07:08:01.909"}
{"level": "debug", "msg": "set_data", "asctime": "2024-03-21 07:08:06.909"}
{"level": "info", "msg": "get_data", "asctime": "2024-03-21 07:08:11.909"}
{"level": "warning", "msg": "set_data", "asctime": "2024-03-21 07:08:16.909"}
{"level": "warning", "msg": "get_data", "asctime": "2024-03-21 07:08:21.909"}
{"level": "error", "msg": "get_data", "asctime": "2024-03-21 07:08:26.909"}
{"level": "info", "msg": "set_data", "asctime": "2024-03-21 07:08:31.910"}
{"level": "warning", "msg": "set_data", "asctime": "2024-03-21 07:08:36.910"}
{"level": "error", "msg": "get_data", "asctime": "2024-03-21 07:08:41.910"}
{"level": "info", "msg": "get_data", "asctime": "2024-03-21 07:08:46.910"}
{"level": "error", "msg": "set_data", "asctime": "2024-03-21 07:08:51.910"}
{"level": "warning", "msg": "set_data", "asctime": "2024-03-21 07:08:56.911"}
{"level": "warning", "msg": "update_data", "asctime": "2024-03-21 07:09:01.911"}
{"level": "warning", "msg": "update_data", "asctime": "2024-03-21 07:09:06.911"}
{"level": "debug", "msg": "update_data", "asctime": "2024-03-21 07:09:11.911"}
{"level": "error", "msg": "update_data", "asctime": "2024-03-21 07:09:16.911"}
{"level": "info", "msg": "update_data", "asctime": "2024-03-21 07:09:21.912"}
{"level": "error", "msg": "get_data", "asctime": "2024-03-21 07:09:26.912"}
{"level": "info", "msg": "get_data", "asctime": "2024-03-21 07:09:31.912"}
{"level": "warning", "msg": "update_data", "asctime": "2024-03-21 07:09:36.912"}
{"level": "error", "msg": "set_data", "asctime": "2024-03-21 07:09:41.912"}
{"level": "info", "msg": "set_data", "asctime": "2024-03-21 07:09:46.912"}
{"level": "debug", "msg": "get_data", "asctime": "2024-03-21 07:09:51.913"}
{"level": "info", "msg": "set_data", "asctime": "2024-03-21 07:09:56.913"}
{"level": "warning", "msg": "update_data", "asctime": "2024-03-21 07:10:01.913"}
{"level": "info", "msg": "get_data", "asctime": "2024-03-21 07:10:06.913"}
{"level": "warning", "msg": "get_data", "asctime": "2024-03-21 07:10:11.913"}
{"level": "debug", "msg": "set_data", "asctime": "2024-03-21 07:10:16.914"}
{"level": "error", "msg": "set_data", "asctime": "2024-03-21 07:10:21.914"}
{"level": "debug", "msg": "update_data", "asctime": "2024-03-21 07:10:26.914"}
{"level": "warning", "msg": "update_data", "asctime": "2024-03-21 07:10:31.914"}
{"level": "error", "msg": "get_data", "asctime": "2024-03-21 07:10:36.914"}
{"level": "warning", "msg": "update_data", "asctime": "2024-03-21 07:10:41.915"}
{"level": "error", "msg": "get_data", "asctime": "2024-03-21 07:10:46.915"}
{"level": "error", "msg": "update_data", "asctime": "2024-03-21 07:10:51.915"}
{"level": "error", "msg": "get_data", "asctime": "2024-03-21 07:10:56.915"}
{"level": "error", "msg": "set_data", "asctime": "2024-03-21 07:11:01.915"}
{"level": "error", "msg": "update_data", "asctime": "2024-03-21 07:11:06.916"}
{"level": "info", "msg": "set_data", "asctime": "2024-03-21 07:11:11.916"}
{"level": "error", "msg": "set_data", "asctime": "2024-03-21 07:11:16.916"}
{"level": "error", "msg": "get_data", "asctime": "2024-03-21 07:11:21.916"}
{"level": "debug", "msg": "get_data", "asctime": "2024-03-21 07:11:26.916"}
{"level": "warning", "msg": "get_data", "asctime": "2024-03-21 07:11:31.916"}
{"level": "error", "msg": "set_data", "asctime": "2024-03-21 07:11:36.917"}
{"level": "info", "msg": "set_data", "asctime": "2024-03-21 07:11:41.917"}
{"level": "debug", "msg": "set_data", "asctime": "2024-03-21 07:11:46.917"}
{"level": "info", "msg": "get_data", "asctime": "2024-03-21 07:11:51.917"}
{"level": "info", "msg": "get_data", "asctime": "2024-03-21 07:11:56.917"}
{"level": "warning", "msg": "update_data", "asctime": "2024-03-21 07:12:01.917"}
{"level": "error", "msg": "get_data", "asctime": "2024-03-21 07:12:06.918"}
{"level": "warning", "msg": "set_data", "asctime": "2024-03-21 07:12:11.918"}
{"level": "error", "msg": "get_data", "asctime": "2024-03-21 07:12:16.918"}
{"level": "debug", "msg": "set_data", "asctime": "2024-03-21 07:12:21.918"}
{"level": "warning", "msg": "update_data", "asctime": "2024-03-21 07:12:26.918"}
{"level": "debug", "msg": "update_data", "asctime": "2024-03-21 07:12:31.919"}
{"level": "info", "msg": "get_data", "asctime": "2024-03-21 07:12:36.919"}
{"level": "error", "msg": "get_data", "asctime": "2024-03-21 07:12:41.919"}
{"level": "info", "msg": "get_data", "asctime": "2024-03-21 07:12:46.919"}
{"level": "warning", "msg": "set_data", "asctime": "2024-03-21 07:12:51.919"}
{"level": "error", "msg": "set_data", "asctime": "2024-03-21 07:12:56.920"}
{"level": "debug", "msg": "set_data", "asctime": "2024-03-21 07:13:01.920"}
{"level": "debug", "msg": "update_data", "asctime": "2024-03-21 07:13:06.920"}
{"level": "error", "msg": "set_data", "asctime": "2024-03-21 07:13:11.920"}
{"level": "debug", "msg": "get_data", "asctime": "2024-03-21 07:13:16.920"}
{"level": "debug", "msg": "update_data", "asctime": "2024-03-21 07:13:21.920"}
{"level": "debug", "msg": "update_data", "asctime": "2024-03-21 07:13:26.921"}
{"level": "error", "msg": "set_data", "asctime": "2024-03-21 07:13:31.921"}
{"level": "debug", "msg": "set_data", "asctime": "2024-03-21 07:13:36.921"}
{"level": "warning", "msg": "set_data", "asctime": "2024-03-21 07:13:41.921"}
{"level": "warning", "msg": "update_data", "asctime": "2024-03-21 07:13:46.921"}
{"level": "warning", "msg": "update_data", "asctime": "2024-03-21 07:13:51.922"}
{"level": "error", "msg": "update_data", "asctime": "2024-03-21 07:13:56.922"}
{"level": "info", "msg": "set_data", "asctime": "2024-03-21 07:14:01.922"}
{"level": "warning", "msg": "set_data", "asctime": "2024-03-21 07:14:06.922"}
{"level": "info", "msg": "set_data", "asctime": "2024-03-21 07:14:11.922"}
{"level": "debug", "msg": "set_data", "asctime": "2024-03-21 07:14:16.922"}
{"level": "debug", "msg": "update_data", "asctime": "2024-03-21 07:14:21.923"}
{"level": "warning", "msg": "update_data", "asctime": "2024-03-21 07:14:26.923"}
{"level": "debug", "msg": "get_data", "asctime": "2024-03-21 07:14:31.923"}
{"level": "debug", "msg": "set_data", "asctime": "2024-03-21 07:14:36.923"}
{"level": "warning", "msg": "get_data", "asctime": "2024-03-21 07:14:41.923"}
{"level": "info", "msg": "update_data", "asctime": "2024-03-21 07:14:46.924"}
{"level": "warning", "msg": "set_data", "asctime": "2024-03-21 07:23:20.518"}
{"level": "error", "msg": "get_data", "asctime": "2024-03-21 07:23:25.518"}
{"level": "debug", "msg": "get_data", "asctime": "2024-03-21 07:23:30.518"}
{"level": "info", "msg": "get_data", "asctime": "2024-03-21 07:23:35.518"}
{"level": "warning", "msg": "update_data", "asctime": "2024-03-21 07:23:40.518"}
{"level": "error", "msg": "get_data", "asctime": "2024-03-21 07:23:45.519"}
{"level": "debug", "msg": "update_data", "asctime": "2024-03-21 07:23:50.519"}
{"level": "error", "msg": "update_data", "asctime": "2024-03-21 07:23:55.519"}
{"level": "info", "msg": "get_data", "asctime": "2024-03-21 07:24:00.519"}
{"level": "error", "msg": "get_data", "asctime": "2024-03-21 07:24:05.519"}
{"level": "debug", "msg": "update_data", "asctime": "2024-03-21 07:24:10.519"}
{"level": "warning", "msg": "update_data", "asctime": "2024-03-21 07:24:15.520"}
{"level": "debug", "msg": "update_data", "asctime": "2024-03-21 07:24:20.520"}
{"level": "debug", "msg": "update_data", "asctime": "2024-03-21 07:24:25.520"}
{"level": "debug", "msg": "get_data", "asctime": "2024-03-21 07:24:30.520"}
{"level": "warning", "msg": "set_data", "asctime": "2024-03-21 07:24:35.521"}
{"level": "info", "msg": "set_data", "asctime": "2024-03-21 07:24:40.521"}
{"level": "error", "msg": "update_data", "asctime": "2024-03-21 07:24:45.521"}
{"level": "error", "msg": "set_data", "asctime": "2024-03-21 07:24:50.521"}
{"level": "info", "msg": "update_data", "asctime": "2024-03-21 07:24:55.521"}
{"level": "debug", "msg": "get_data", "asctime": "2024-03-21 07:25:00.521"}
{"level": "error", "msg": "update_data", "asctime": "2024-03-21 07:25:05.522"}
{"level": "info", "msg": "get_data", "asctime": "2024-03-21 07:25:10.522"}
{"level": "info", "msg": "update_data", "asctime": "2024-03-21 07:25:15.522"}
{"level": "warning", "msg": "get_data", "asctime": "2024-03-21 07:25:20.522"}
{"level": "info", "msg": "update_data", "asctime": "2024-03-21 07:25:25.522"}
{"level": "info", "msg": "update_data", "asctime": "2024-03-21 07:25:30.523"}
{"level": "warning", "msg": "get_data", "asctime": "2024-03-21 07:25:35.523"}
{"level": "info", "msg": "update_data", "asctime": "2024-03-21 07:25:40.523"}
{"level": "warning", "msg": "update_data", "asctime": "2024-03-21 07:25:45.523"}
{"level": "error", "msg": "set_data", "asctime": "2024-03-21 07:25:50.523"}
{"level": "warning", "msg": "get_data", "asctime": "2024-03-21 07:25:55.524"}
{"level": "info", "msg": "set_data", "asctime": "2024-03-21 07:26:00.524"}
{"level": "debug", "msg": "update_data", "asctime": "2024-03-21 07:26:05.524"}
{"level": "debug", "msg": "get_data", "asctime": "2024-03-21 07:26:10.524"}
{"level": "warning", "msg": "set_data", "asctime": "2024-03-21 07:26:15.524"}
{"level": "info", "msg": "set_data", "asctime": "2024-03-21 07:26:20.525"}
{"level": "debug", "msg": "get_data", "asctime": "2024-03-21 07:26:25.525"}
{"level": "info", "msg": "set_data", "asctime": "2024-03-21 07:26:30.525"}
{"level": "warning", "msg": "set_data", "asctime": "2024-03-21 07:26:35.525"}
{"level": "error", "msg": "get_data", "asctime": "2024-03-21 07:26:40.525"}
{"level": "debug", "msg": "set_data", "asctime": "2024-03-21 07:26:45.525"}
{"level": "info", "msg": "get_data", "asctime": "2024-03-21 07:26:50.526"}
{"level": "warning", "msg": "update_data", "asctime": "2024-03-21 07:26:55.526"}
{"level": "error", "msg": "get_data", "asctime": "2024-03-21 07:27:00.526"}
{"level": "info", "msg": "set_data", "asctime": "2024-03-21 07:27:05.526"}
{"level": "info", "msg": "get_data", "asctime": "2024-03-21 07:27:10.526"}
{"level": "debug", "msg": "set_data", "asctime": "2024-03-21 07:27:15.527"}
{"level": "debug", "msg": "set_data", "asctime": "2024-03-21 07:27:20.527"}
{"level": "info", "msg": "get_data", "asctime": "2024-03-21 07:27:25.527"}
{"level": "info", "msg": "update_data", "asctime": "2024-03-21 07:27:30.527"}
{"level": "error", "msg": "update_data", "asctime": "2024-03-21 07:27:35.527"}
{"level": "info", "msg": "get_data", "asctime": "2024-03-21 07:27:40.528"}
{"level": "debug", "msg": "update_data", "asctime": "2024-03-21 07:27:45.528"}
{"level": "error", "msg": "update_data", "asctime": "2024-03-21 07:27:50.528"}
{"level": "error", "msg": "update_data", "asctime": "2024-03-21 07:27:55.528"}
{"level": "warning", "msg": "set_data", "asctime": "2024-03-21 07:28:00.528"}
{"level": "error", "msg": "set_data", "asctime": "2024-03-21 07:28:05.529"}
{"level": "warning", "msg": "get_data", "asctime": "2024-03-21 07:28:10.529"}
{"level": "warning", "msg": "update_data", "asctime": "2024-03-21 07:28:15.529"}
{"level": "warning", "msg": "get_data", "asctime": "2024-03-21 07:28:20.529"}
{"level": "debug", "msg": "update_data", "asctime": "2024-03-21 07:28:25.529"}
{"level": "info", "msg": "update_data", "asctime": "2024-03-21 07:28:30.530"}
{"level": "info", "msg": "get_data", "asctime": "2024-03-21 07:28:35.530"}
{"level": "error", "msg": "set_data", "asctime": "2024-03-21 07:28:40.530"}
{"level": "info", "msg": "get_data", "asctime": "2024-03-21 07:28:45.530"}
{"level": "debug", "msg": "get_data", "asctime": "2024-03-21 07:28:50.530"}
{"level": "debug", "msg": "set_data", "asctime": "2024-03-21 07:28:55.530"}
{"level": "warning", "msg": "get_data", "asctime": "2024-03-21 07:29:00.531"}
{"level": "warning", "msg": "set_data", "asctime": "2024-03-21 07:29:05.531"}
{"level": "debug", "msg": "update_data", "asctime": "2024-03-21 07:29:10.531"}
{"level": "error", "msg": "set_data", "asctime": "2024-03-21 07:29:15.531"}
{"level": "info", "msg": "set_data", "asctime": "2024-03-21 07:29:20.531"}
{"level": "warning", "msg": "set_data", "asctime": "2024-03-21 07:29:25.531"}
{"level": "debug", "msg": "get_data", "asctime": "2024-03-21 07:29:30.532"}
{"level": "error", "msg": "set_data", "asctime": "2024-03-21 07:29:35.532"}
{"level": "info", "msg": "set_data", "asctime": "2024-03-21 07:29:40.532"}
{"level": "info", "msg": "update_data", "asctime": "2024-03-21 07:29:45.532"}
{"level": "debug", "msg": "update_data", "asctime": "2024-03-21 07:29:50.532"}
{"level": "warning", "msg": "get_data", "asctime": "2024-03-21 07:29:55.533"}
{"level": "info", "msg": "set_data", "asctime": "2024-03-21 07:30:00.533"}
{"level": "error", "msg": "get_data", "asctime": "2024-03-21 07:30:05.533"}
{"level": "error", "msg": "set_data", "asctime": "2024-03-21 07:30:10.533"}
{"level": "info", "msg": "update_data", "asctime": "2024-03-21 07:30:15.533"}
{"level": "info", "msg": "update_data", "asctime": "2024-03-21 07:30:20.534"}
{"level": "warning", "msg": "set_data", "asctime": "2024-03-21 07:30:25.534"}
{"level": "warning", "msg": "update_data", "asctime": "2024-03-21 07:30:30.534"}
{"level": "info", "msg": "update_data", "asctime": "2024-03-21 07:30:35.534"}
{"level": "warning", "msg": "update_data", "asctime": "2024-03-21 07:30:40.534"}
{"level": "warning", "msg": "set_data", "asctime": "2024-03-21 07:30:45.534"}
{"level": "info", "msg": "get_data", "asctime": "2024-03-21 07:30:50.535"}
{"level": "warning", "msg": "set_data", "asctime": "2024-03-21 07:30:55.535"}
{"level": "error", "msg": "update_data", "asctime": "2024-03-21 07:31:00.535"}
{"level": "info", "msg": "update_data", "asctime": "2024-03-21 07:31:05.535"}
{"level": "error", "msg": "set_data", "asctime": "2024-03-21 07:31:10.535"}
{"level": "info", "msg": "get_data", "asctime": "2024-03-21 07:31:15.535"}
{"level": "error", "msg": "update_data", "asctime": "2024-03-21 07:31:20.536"}
{"level": "error", "msg": "get_data", "asctime": "2024-03-21 07:31:25.536"}
{"level": "error", "msg": "get_data", "asctime": "2024-03-21 07:31:30.536"}
{"level": "debug", "msg": "set_data", "asctime": "2024-03-21 07:31:35.536"}
{"level": "debug", "msg": "get_data", "asctime": "2024-03-21 07:31:40.536"}
{"level": "info", "msg": "set_data", "asctime": "2024-03-21 07:31:45.537"}
{"level": "info", "msg": "set_data", "asctime": "2024-03-21 07:31:50.537"}
{"level": "error", "msg": "set_data", "asctime": "2024-03-21 07:31:55.537"}
{"level": "warning", "msg": "set_data", "asctime": "2024-03-21 07:32:00.537"}
{"level": "debug", "msg": "get_data", "asctime": "2024-03-21 07:32:05.537"}
{"level": "info", "msg": "get_data", "asctime": "2024-03-21 07:32:10.537"}
{"level": "info", "msg": "update_data", "asctime": "2024-03-21 07:32:15.538"}
{"level": "debug", "msg": "set_data", "asctime": "2024-03-21 07:32:20.538"}
{"level": "error", "msg": "update_data", "asctime": "2024-03-21 07:32:25.538"}
{"level": "error", "msg": "get_data", "asctime": "2024-03-21 07:32:30.538"}
{"level": "warning", "msg": "update_data", "asctime": "2024-03-21 07:32:35.538"}
{"level": "warning", "msg": "update_data", "asctime": "2024-03-21 07:32:40.539"}
{"level": "debug", "msg": "update_data", "asctime": "2024-03-21 07:32:45.539"}
{"level": "info", "msg": "get_data", "asctime": "2024-03-21 07:32:50.539"}
{"level": "error", "msg": "set_data", "asctime": "2024-03-21 07:32:55.539"}
{"level": "error", "msg": "set_data", "asctime": "2024-03-21 07:33:00.539"}
{"level": "info", "msg": "update_data", "asctime": "2024-03-21 07:33:05.539"}
{"level": "debug", "msg": "update_data", "asctime": "2024-03-21 07:33:10.540"}
{"level": "debug", "msg": "update_data", "asctime": "2024-03-21 07:33:15.540"}
{"level": "debug", "msg": "update_data", "asctime": "2024-03-21 07:33:20.540"}
{"level": "info", "msg": "set_data", "asctime": "2024-03-21 07:33:25.540"}
{"level": "info", "msg": "update_data", "asctime": "2024-03-21 07:33:30.540"}
{"level": "info", "msg": "get_data", "asctime": "2024-03-21 07:33:35.541"}
{"level": "error", "msg": "set_data", "asctime": "2024-03-21 07:33:40.541"}
{"level": "error", "msg": "set_data", "asctime": "2024-03-21 07:33:45.541"}
{"level": "debug", "msg": "set_data", "asctime": "2024-03-21 07:33:57.068"}
{"level": "info", "msg": "set_data", "asctime": "2024-03-21 07:34:02.069"}
{"level": "warning", "msg": "get_data", "asctime": "2024-03-21 07:34:07.069"}
{"level": "warning", "msg": "set_data", "asctime": "2024-03-21 07:34:12.069"}
{"level": "info", "msg": "set_data", "asctime": "2024-03-21 07:34:17.069"}
{"level": "warning", "msg": "get_data", "asctime": "2024-03-21 07:34:22.069"}
{"level": "warning", "msg": "get_data", "asctime": "2024-03-21 07:34:27.070"}
{"level": "debug", "msg": "get_data", "asctime": "2024-03-21 07:34:32.070"}
{"level": "error", "msg": "update_data", "asctime": "2024-03-21 07:34:37.070"}
{"level": "debug", "msg": "update_data", "asctime": "2024-03-21 07:34:42.070"}
{"level": "debug", "msg": "update_data", "asctime": "2024-03-21 07:34:47.071"}
{"level": "info", "msg": "set_data", "asctime": "2024-03-21 07:34:52.071"}
{"level": "error", "msg": "update_data", "asctime": "2024-03-21 07:34:57.071"}
{"level": "error", "msg": "set_data", "asctime": "2024-03-21 07:35:02.071"}
{"level": "debug", "msg": "set_data", "asctime": "2024-03-21 07:35:07.071"}
{"level": "debug", "msg": "set_data", "asctime": "2024-03-21 07:35:12.072"}
{"level": "debug", "msg": "update_data", "asctime": "2024-03-21 07:35:17.072"}
{"level": "error", "msg": "update_data", "asctime": "2024-03-21 07:35:22.072"}
{"level": "info", "msg": "update_data", "asctime": "2024-03-21 07:35:27.072"}
{"level": "error", "msg": "get_data", "asctime": "2024-03-21 07:35:32.072"}
{"level": "warning", "msg": "set_data", "asctime": "2024-03-21 07:35:37.072"}
{"level": "error", "msg": "get_data", "asctime": "2024-03-21 07:35:42.073"}
{"level": "info", "msg": "update_data", "asctime": "2024-03-21 07:35:47.073"}
{"level": "debug", "msg": "update_data", "asctime": "2024-03-21 07:35:52.073"}
{"level": "warning", "msg": "update_data", "asctime": "2024-03-21 07:35:57.073"}
{"level": "error", "msg": "update_data", "asctime": "2024-03-21 07:36:02.073"}
{"level": "warning", "msg": "set_data", "asctime": "2024-03-21 07:36:07.074"}
{"level": "error", "msg": "update_data", "asctime": "2024-03-21 07:36:12.074"}
{"level": "info", "msg": "update_data", "asctime": "2024-03-21 07:36:17.074"}
{"level": "warning", "msg": "get_data", "asctime": "2024-03-21 07:36:22.074"}
{"level": "warning", "msg": "set_data", "asctime": "2024-03-21 07:36:27.074"}
{"level": "debug", "msg": "set_data", "asctime": "2024-03-21 07:36:32.075"}
{"level": "info", "msg": "set_data", "asctime": "2024-03-21 07:36:37.075"}
{"level": "debug", "msg": "update_data", "asctime": "2024-03-21 07:36:42.075"}
{"level": "info", "msg": "set_data", "asctime": "2024-03-21 07:36:47.075"}
{"level": "info", "msg": "update_data", "asctime": "2024-03-21 07:36:52.075"}
{"level": "info", "msg": "update_data", "asctime": "2024-03-21 07:36:57.075"}
{"level": "info", "msg": "get_data", "asctime": "2024-03-21 07:37:02.076"}
{"level": "info", "msg": "set_data", "asctime": "2024-03-21 07:37:07.076"}
{"level": "error", "msg": "update_data", "asctime": "2024-03-21 07:37:12.076"}
{"level": "warning", "msg": "get_data", "asctime": "2024-03-21 07:37:17.076"}
{"level": "error", "msg": "update_data", "asctime": "2024-03-21 07:37:22.076"}
{"level": "info", "msg": "get_data", "asctime": "2024-03-21 07:37:27.077"}
{"level": "info", "msg": "set_data", "asctime": "2024-03-21 07:37:32.077"}
{"level": "debug", "msg": "update_data", "asctime": "2024-03-21 07:37:37.077"}
{"level": "warning", "msg": "get_data", "asctime": "2024-03-21 07:37:42.077"}
{"level": "debug", "msg": "set_data", "asctime": "2024-03-21 07:37:47.077"}
{"level": "warning", "msg": "set_data", "asctime": "2024-03-21 07:37:52.078"}
{"level": "info", "msg": "set_data", "asctime": "2024-03-21 07:37:57.078"}
{"level": "warning", "msg": "set_data", "asctime": "2024-03-21 07:38:02.078"}
{"level": "debug", "msg": "get_data", "asctime": "2024-03-21 07:38:07.078"}
{"level": "error", "msg": "set_data", "asctime": "2024-03-21 07:38:12.078"}
{"level": "debug", "msg": "set_data", "asctime": "2024-03-21 07:38:17.078"}
{"level": "info", "msg": "update_data", "asctime": "2024-03-21 07:38:22.079"}
{"level": "error", "msg": "set_data", "asctime": "2024-03-21 07:38:27.079"}
{"level": "info", "msg": "get_data", "asctime": "2024-03-21 07:38:32.079"}
{"level": "error", "msg": "update_data", "asctime": "2024-03-21 07:38:37.079"}
{"level": "debug", "msg": "set_data", "asctime": "2024-03-21 07:38:42.079"}
{"level": "error", "msg": "update_data", "asctime": "2024-03-21 07:38:47.080"}
{"level": "warning", "msg": "set_data", "asctime": "2024-03-21 07:38:52.080"}
{"level": "debug", "msg": "get_data", "asctime": "2024-03-21 07:38:57.080"}
{"level": "warning", "msg": "set_data", "asctime": "2024-03-21 07:39:02.080"}
{"level": "error", "msg": "get_data", "asctime": "2024-03-21 07:39:07.080"}
{"level": "error", "msg": "get_data", "asctime": "2024-03-21 07:39:12.081"}
{"level": "debug", "msg": "get_data", "asctime": "2024-03-21 07:39:17.081"}
{"level": "warning", "msg": "get_data", "asctime": "2024-03-21 07:39:22.081"}
{"level": "debug", "msg": "get_data", "asctime": "2024-03-21 07:39:27.081"}
{"level": "warning", "msg": "set_data", "asctime": "2024-03-21 07:39:32.081"}
{"level": "warning", "msg": "update_data", "asctime": "2024-03-21 07:39:37.082"}
{"level": "warning", "msg": "set_data", "asctime": "2024-03-21 07:39:42.082"}
{"level": "warning", "msg": "update_data", "asctime": "2024-03-21 07:39:47.082"}
{"level": "info", "msg": "set_data", "asctime": "2024-03-21 07:39:52.082"}
{"level": "debug", "msg": "get_data", "asctime": "2024-03-21 07:39:57.082"}
{"level": "info", "msg": "update_data", "asctime": "2024-03-21 07:40:02.082"}
{"level": "error", "msg": "set_data", "asctime": "2024-03-21 07:40:07.083"}
{"level": "warning", "msg": "get_data", "asctime": "2024-03-21 07:40:12.083"}
{"level": "info", "msg": "set_data", "asctime": "2024-03-21 07:40:17.083"}
{"level": "error", "msg": "get_data", "asctime": "2024-03-21 07:40:22.083"}
{"level": "debug", "msg": "get_data", "asctime": "2024-03-21 07:40:27.083"}
{"level": "error", "msg": "set_data", "asctime": "2024-03-21 07:40:32.084"}
{"level": "debug", "msg": "get_data", "asctime": "2024-03-21 07:40:37.084"}
{"level": "warning", "msg": "get_data", "asctime": "2024-03-21 07:40:42.084"}
{"level": "info", "msg": "set_data", "asctime": "2024-03-21 07:40:47.084"}
{"level": "info", "msg": "update_data", "asctime": "2024-03-21 07:40:52.084"}
{"level": "error", "msg": "get_data", "asctime": "2024-03-21 07:40:57.085"}
{"level": "debug", "msg": "set_data", "asctime": "2024-03-21 07:41:02.085"}
{"level": "error", "msg": "set_data", "asctime": "2024-03-21 07:41:07.085"}
{"level": "debug", "msg": "update_data", "asctime": "2024-03-21 07:41:12.085"}
{"level": "warning", "msg": "update_data", "asctime": "2024-03-21 07:41:17.085"}
{"level": "debug", "msg": "get_data", "asctime": "2024-03-21 07:41:22.085"}
{"level": "debug", "msg": "update_data", "asctime": "2024-03-21 07:41:27.086"}
{"level": "error", "msg": "set_data", "asctime": "2024-03-21 07:41:32.086"}
{"level": "warning", "msg": "get_data", "asctime": "2024-03-21 07:41:37.086"}
{"level": "info", "msg": "update_data", "asctime": "2024-03-21 07:41:42.086"}
{"level": "warning", "msg": "set_data", "asctime": "2024-03-21 07:41:47.086"}
{"level": "debug", "msg": "set_data", "asctime": "2024-03-21 07:41:52.087"}
{"level": "warning", "msg": "set_data", "asctime": "2024-03-21 07:41:57.087"}
{"level": "info", "msg": "update_data", "asctime": "2024-03-21 07:42:02.087"}
{"level": "debug", "msg": "update_data", "asctime": "2024-03-21 07:42:07.087"}
{"level": "warning", "msg": "set_data", "asctime": "2024-03-21 07:42:12.087"}
{"level": "debug", "msg": "set_data", "asctime": "2024-03-21 07:42:17.087"}
{"level": "info", "msg": "set_data", "asctime": "2024-03-21 07:42:22.088"}
{"level": "debug", "msg": "update_data", "asctime": "2024-03-21 07:42:27.088"}
{"level": "warning", "msg": "update_data", "asctime": "2024-03-21 07:42:32.088"}
{"level": "info", "msg": "set_data", "asctime": "2024-03-21 07:42:37.088"}
{"level": "info", "msg": "set_data", "asctime": "2024-03-21 07:42:42.088"}
{"level": "debug", "msg": "set_data", "asctime": "2024-03-21 07:42:47.089"}
{"level": "warning", "msg": "update_data", "asctime": "2024-03-21 07:42:52.089"}
{"level": "debug", "msg": "get_data", "asctime": "2024-03-21 07:42:57.089"}
{"level": "warning", "msg": "get_data", "asctime": "2024-03-21 07:43:02.089"}
{"level": "warning", "msg": "get_data", "asctime": "2024-03-21 07:43:07.089"}
{"level": "debug", "msg": "set_data", "asctime": "2024-03-21 07:43:12.090"}
{"level": "warning", "msg": "update_data", "asctime": "2024-03-21 07:43:17.090"}
{"level": "error", "msg": "update_data", "asctime": "2024-03-21 07:43:22.090"}
{"level": "error", "msg": "get_data", "asctime": "2024-03-21 07:43:27.090"}
{"level": "error", "msg": "update_data", "asctime": "2024-03-21 07:43:32.090"}
{"level": "error", "msg": "set_data", "asctime": "2024-03-21 07:43:37.091"}
{"level": "error", "msg": "get_data", "asctime": "2024-03-21 07:43:42.091"}
{"level": "info", "msg": "get_data", "asctime": "2024-03-21 07:43:47.091"}
{"level": "warning", "msg": "get_data", "asctime": "2024-03-21 07:43:52.091"}
{"level": "info", "msg": "update_data", "asctime": "2024-03-21 07:43:57.091"}
{"level": "warning", "msg": "update_data", "asctime": "2024-03-21 07:44:02.091"}
{"level": "warning", "msg": "get_data", "asctime": "2024-03-21 07:44:07.092"}
{"level": "info", "msg": "update_data", "asctime": "2024-03-21 07:44:12.092"}
{"level": "error", "msg": "set_data", "asctime": "2024-03-21 07:44:17.092"}
{"level": "debug", "msg": "set_data", "asctime": "2024-03-21 07:44:22.092"}
{"level": "debug", "msg": "get_data", "asctime": "2024-03-21 07:44:27.092"}
{"level": "debug", "msg": "update_data", "asctime": "2024-03-21 07:44:32.093"}
{"level": "warning", "msg": "set_data", "asctime": "2024-03-21 07:44:37.093"}
{"level": "debug", "msg": "get_data", "asctime": "2024-03-21 07:44:42.093"}
{"level": "debug", "msg": "get_data", "asctime": "2024-03-21 07:44:47.093"}
{"level": "error", "msg": "update_data", "asctime": "2024-03-21 07:44:52.093"}
{"level": "info", "msg": "set_data", "asctime": "2024-03-21 07:44:57.094"}
{"level": "warning", "msg": "get_data", "asctime": "2024-03-21 07:45:02.094"}
{"level": "warning", "msg": "get_data", "asctime": "2024-03-21 07:45:07.094"}
{"level": "warning", "msg": "update_data", "asctime": "2024-03-21 07:45:12.094"}
{"level": "info", "msg": "get_data", "asctime": "2024-03-21 07:45:17.094"}
{"level": "error", "msg": "update_data", "asctime": "2024-03-21 07:45:22.094"}
{"level": "warning", "msg": "set_data", "asctime": "2024-03-21 07:45:27.095"}
{"level": "debug", "msg": "update_data", "asctime": "2024-03-21 07:45:32.095"}
{"level": "debug", "msg": "set_data", "asctime": "2024-03-21 07:45:37.095"}
{"level": "info", "msg": "update_data", "asctime": "2024-03-21 07:45:42.095"}
{"level": "error", "msg": "set_data", "asctime": "2024-03-21 07:45:47.095"}
{"level": "debug", "msg": "set_data", "asctime": "2024-03-21 07:45:52.096"}
{"level": "debug", "msg": "get_data", "asctime": "2024-03-21 07:45:57.096"}
{"level": "error", "msg": "update_data", "asctime": "2024-03-21 07:46:02.096"}
{"level": "debug", "msg": "update_data", "asctime": "2024-03-21 07:46:07.096"}
{"level": "warning", "msg": "get_data", "asctime": "2024-03-21 07:46:12.096"}
{"level": "info", "msg": "update_data", "asctime": "2024-03-21 07:46:17.097"}
{"level": "info", "msg": "set_data", "asctime": "2024-03-21 07:46:22.097"}
{"level": "debug", "msg": "get_data", "asctime": "2024-03-21 07:46:27.097"}
{"level": "error", "msg": "set_data", "asctime": "2024-03-21 07:46:32.097"}
{"level": "debug", "msg": "get_data", "asctime": "2024-03-21 07:46:37.097"}
{"level": "warning", "msg": "set_data", "asctime": "2024-03-21 07:46:42.098"}
{"level": "debug", "msg": "update_data", "asctime": "2024-03-21 07:46:47.098"}
{"level": "warning", "msg": "update_data", "asctime": "2024-03-21 07:46:52.098"}
{"level": "warning", "msg": "get_data", "asctime": "2024-03-21 07:46:57.098"}
{"level": "warning", "msg": "update_data", "asctime": "2024-03-21 07:47:02.098"}
{"level": "debug", "msg": "get_data", "asctime": "2024-03-21 07:47:07.099"}
{"level": "warning", "msg": "get_data", "asctime": "2024-03-21 07:47:12.099"}
{"level": "warning", "msg": "get_data", "asctime": "2024-03-21 07:47:17.099"}
{"level": "error", "msg": "set_data", "asctime": "2024-03-21 07:47:22.099"}
{"level": "debug", "msg": "set_data", "asctime": "2024-03-21 07:47:27.099"}
{"level": "debug", "msg": "update_data", "asctime": "2024-03-21 07:47:32.100"}
{"level": "info", "msg": "get_data", "asctime": "2024-03-21 07:47:37.100"}
{"level": "debug", "msg": "update_data", "asctime": "2024-03-21 07:47:42.100"}
{"level": "debug", "msg": "update_data", "asctime": "2024-03-21 07:47:47.100"}
{"level": "warning", "msg": "set_data", "asctime": "2024-03-21 07:47:52.100"}
{"level": "debug", "msg": "set_data", "asctime": "2024-03-21 07:47:57.100"}
{"level": "error", "msg": "set_data", "asctime": "2024-03-21 07:48:02.101"}
{"level": "info", "msg": "set_data", "asctime": "2024-03-21 07:48:07.101"}
{"level": "error", "msg": "update_data", "asctime": "2024-03-21 07:48:12.101"}
{"level": "debug", "msg": "get_data", "asctime": "2024-03-21 07:48:17.101"}
{"level": "warning", "msg": "set_data", "asctime": "2024-03-21 07:48:22.101"}
{"level": "error", "msg": "set_data", "asctime": "2024-03-21 07:48:27.102"}
{"level": "error", "msg": "get_data", "asctime": "2024-03-21 07:48:32.102"}
{"level": "warning", "msg": "get_data", "asctime": "2024-03-21 07:48:37.102"}
{"level": "error", "msg": "update_data", "asctime": "2024-03-21 07:48:42.102"}
{"level": "error", "msg": "get_data", "asctime": "2024-03-21 07:48:47.102"}
{"level": "error", "msg": "get_data", "asctime": "2024-03-21 07:48:52.103"}
{"level": "error", "msg": "get_data", "asctime": "2024-03-21 07:48:57.103"}
